<?xml version="1.0" encoding="UTF-8"?>
<!-- Generated by org.testng.reporters.JUnitXMLReporter -->
<testsuite ignored="0" hostname="DESKTOP-VG7G83C" failures="0" tests="3" name="Default test" time="43.898" errors="0" timestamp="2022-11-19T13:25:40 IST">
  <testcase classname="ExtentReports.ExtentReportExample" name="loginToOrangeHRM" time="3.105"/>
  <testcase classname="ExtentReports.ExtentReportExample" name="clickPaulsam" time="0.665"/>
  <testcase classname="ExtentReports.ExtentReportExample" name="clickLogout" time="2.74"/>
</testsuite> <!-- Default test -->
