<?xml version="1.0" encoding="UTF-8"?>
<testng-results ignored="0" total="3" passed="3" failed="0" skipped="0">
  <reporter-output>
  </reporter-output>
  <suite started-at="2022-11-19T13:24:56 IST" name="Default suite" finished-at="2022-11-19T13:25:40 IST" duration-ms="43898">
    <groups>
    </groups>
    <test started-at="2022-11-19T13:24:56 IST" name="Default test" finished-at="2022-11-19T13:25:40 IST" duration-ms="43898">
      <class name="ExtentReports.ExtentReportExample">
        <test-method is-config="true" signature="startTest()[pri:0, instance:ExtentReports.ExtentReportExample@49e53c76]" started-at="2022-11-19T13:24:56 IST" name="startTest" finished-at="2022-11-19T13:24:56 IST" duration-ms="443" status="PASS">
          <reporter-output>
          </reporter-output>
        </test-method> <!-- startTest -->
        <test-method is-config="true" signature="launchBrowser()[pri:0, instance:ExtentReports.ExtentReportExample@49e53c76]" started-at="2022-11-19T13:24:56 IST" name="launchBrowser" finished-at="2022-11-19T13:25:33 IST" duration-ms="36380" status="PASS">
          <reporter-output>
          </reporter-output>
        </test-method> <!-- launchBrowser -->
        <test-method is-config="true" signature="getTitle()[pri:0, instance:ExtentReports.ExtentReportExample@49e53c76]" started-at="2022-11-19T13:25:33 IST" name="getTitle" finished-at="2022-11-19T13:25:33 IST" duration-ms="4" status="PASS">
          <reporter-output>
          </reporter-output>
        </test-method> <!-- getTitle -->
        <test-method signature="loginToOrangeHRM()[pri:0, instance:ExtentReports.ExtentReportExample@49e53c76]" started-at="2022-11-19T13:25:33 IST" name="loginToOrangeHRM" finished-at="2022-11-19T13:25:36 IST" duration-ms="3105" status="PASS">
          <reporter-output>
          </reporter-output>
        </test-method> <!-- loginToOrangeHRM -->
        <test-method is-config="true" signature="getTitle()[pri:0, instance:ExtentReports.ExtentReportExample@49e53c76]" started-at="2022-11-19T13:25:36 IST" name="getTitle" finished-at="2022-11-19T13:25:36 IST" duration-ms="6" status="PASS">
          <reporter-output>
          </reporter-output>
        </test-method> <!-- getTitle -->
        <test-method signature="clickPaulsam()[pri:1, instance:ExtentReports.ExtentReportExample@49e53c76]" started-at="2022-11-19T13:25:36 IST" name="clickPaulsam" finished-at="2022-11-19T13:25:36 IST" duration-ms="665" status="PASS">
          <reporter-output>
          </reporter-output>
        </test-method> <!-- clickPaulsam -->
        <test-method is-config="true" signature="getTitle()[pri:0, instance:ExtentReports.ExtentReportExample@49e53c76]" started-at="2022-11-19T13:25:36 IST" name="getTitle" finished-at="2022-11-19T13:25:36 IST" duration-ms="10" status="PASS">
          <reporter-output>
          </reporter-output>
        </test-method> <!-- getTitle -->
        <test-method signature="clickLogout()[pri:2, instance:ExtentReports.ExtentReportExample@49e53c76]" started-at="2022-11-19T13:25:36 IST" name="clickLogout" finished-at="2022-11-19T13:25:39 IST" duration-ms="2740" status="PASS">
          <reporter-output>
          </reporter-output>
        </test-method> <!-- clickLogout -->
        <test-method is-config="true" signature="endTest()[pri:0, instance:ExtentReports.ExtentReportExample@49e53c76]" started-at="2022-11-19T13:25:39 IST" name="endTest" finished-at="2022-11-19T13:25:40 IST" duration-ms="882" status="PASS">
          <reporter-output>
          </reporter-output>
        </test-method> <!-- endTest -->
        <test-method is-config="true" signature="closeBrowser()[pri:0, instance:ExtentReports.ExtentReportExample@49e53c76]" started-at="2022-11-19T13:25:40 IST" name="closeBrowser" finished-at="2022-11-19T13:25:41 IST" duration-ms="536" status="PASS">
          <reporter-output>
          </reporter-output>
        </test-method> <!-- closeBrowser -->
      </class> <!-- ExtentReports.ExtentReportExample -->
    </test> <!-- Default test -->
  </suite> <!-- Default suite -->
</testng-results>
